<?xml version="1.0" encoding="UTF-8"?>
<!-- Generated by org.testng.reporters.JUnitXMLReporter -->
<testsuite ignored="3" hostname="Nabeels-MBP.lan" failures="0" tests="1" name="Default test" time="14.511" errors="0" timestamp="2023-01-21T12:40:26 EST">
  <testcase classname="com.AmericanAirlines_Test.HomePageTest" name="searchfield_Test" time="4.829"/>
  <testcase classname="com.AmericanAirlines_Test.HomePageTest" name="logo_Test" time="0.0">
    <ignored/>
  </testcase> <!-- logo_Test -->
  <testcase classname="com.AmericanAirlines_Test.HomePageTest" name="clickJoinButtonTest" time="0.0">
    <ignored/>
  </testcase> <!-- clickJoinButtonTest -->
  <testcase classname="com.AmericanAirlines_Test.HomePageTest" name="clickAndInputUserNameTest" time="0.0">
    <ignored/>
  </testcase> <!-- clickAndInputUserNameTest -->
</testsuite> <!-- Default test -->
