<?xml version="1.0" encoding="UTF-8"?>
<testng-results ignored="3" total="4" passed="1" failed="0" skipped="0">
  <reporter-output>
  </reporter-output>
  <suite started-at="2023-01-21T12:40:12 EST" name="Default suite" finished-at="2023-01-21T12:40:26 EST" duration-ms="14511">
    <groups>
    </groups>
    <test started-at="2023-01-21T12:40:12 EST" name="Default test" finished-at="2023-01-21T12:40:26 EST" duration-ms="14511">
      <class name="com.AmericanAirlines_Test.HomePageTest">
        <test-method is-config="true" signature="setUp()[pri:0, instance:com.AmericanAirlines_Test.HomePageTest@193f604a]" started-at="2023-01-21T12:40:12 EST" name="setUp" finished-at="2023-01-21T12:40:21 EST" duration-ms="9287" status="PASS">
          <reporter-output>
          </reporter-output>
        </test-method> <!-- setUp -->
        <test-method signature="searchfield_Test()[pri:3, instance:com.AmericanAirlines_Test.HomePageTest@193f604a]" started-at="2023-01-21T12:40:21 EST" name="searchfield_Test" finished-at="2023-01-21T12:40:26 EST" duration-ms="4829" status="PASS">
          <reporter-output>
          </reporter-output>
        </test-method> <!-- searchfield_Test -->
        <test-method is-config="true" signature="tearUp()[pri:0, instance:com.AmericanAirlines_Test.HomePageTest@193f604a]" started-at="2023-01-21T12:40:26 EST" name="tearUp" finished-at="2023-01-21T12:40:26 EST" duration-ms="360" status="PASS">
          <reporter-output>
          </reporter-output>
        </test-method> <!-- tearUp -->
      </class> <!-- com.AmericanAirlines_Test.HomePageTest -->
    </test> <!-- Default test -->
  </suite> <!-- Default suite -->
</testng-results>
